<?xml version="1.0" encoding="UTF-8"?>
<testsuite name="cloud.thoughtspotstaging.champagne.controllers.SessionControllerTest" tests="2" skipped="0" failures="1" errors="0" timestamp="2021-08-20T06:45:02" hostname="hyd-sowjanya.go" time="3.987">
  <properties/>
  <testcase name="testLogin" classname="cloud.thoughtspotstaging.champagne.controllers.SessionControllerTest" time="2.972"/>
  <testcase name="testLogout" classname="cloud.thoughtspotstaging.champagne.controllers.SessionControllerTest" time="1.015">
    <failure message="java.lang.AssertionError: Status is not 200 expected:&lt;200&gt; but was:&lt;401&gt;" type="java.lang.AssertionError">java.lang.AssertionError: Status is not 200 expected:&lt;200&gt; but was:&lt;401&gt;
	at org.junit.Assert.fail(Assert.java:89)
	at org.junit.Assert.failNotEquals(Assert.java:835)
	at org.junit.Assert.assertEquals(Assert.java:647)
	at cloud.thoughtspotstaging.champagne.controllers.SessionControllerTest.testLogout(SessionControllerTest.java:102)
	at sun.reflect.NativeMethodAccessorImpl.invoke0(Native Method)
	at sun.reflect.NativeMethodAccessorImpl.invoke(NativeMethodAccessorImpl.java:62)
	at sun.reflect.DelegatingMethodAccessorImpl.invoke(DelegatingMethodAccessorImpl.java:43)
	at java.lang.reflect.Method.invoke(Method.java:498)
	at org.junit.runners.model.FrameworkMethod$1.runReflectiveCall(FrameworkMethod.java:59)
	at org.junit.internal.runners.model.ReflectiveCallable.run(ReflectiveCallable.java:12)
	at org.junit.runners.model.FrameworkMethod.invokeExplosively(FrameworkMethod.java:56)
	at org.junit.internal.runners.statements.InvokeMethod.evaluate(InvokeMethod.java:17)
	at org.junit.internal.runners.statements.FailOnTimeout$CallableStatement.call(FailOnTimeout.java:288)
	at org.junit.internal.runners.statements.FailOnTimeout$CallableStatement.call(FailOnTimeout.java:282)
	at java.util.concurrent.FutureTask.run(FutureTask.java:266)
	at java.lang.Thread.run(Thread.java:748)
</failure>
  </testcase>
  <system-out><![CDATA[]]></system-out>
  <system-err><![CDATA[]]></system-err>
</testsuite>
